[    0.000000] Initializing cgroup subsys cpuset
[    0.000000] Initializing cgroup subsys cpu
[    0.000000] Initializing cgroup subsys cpuacct
[    0.000000] Linux version 4.4.0-189-generic (buildd@lgw01-amd64-047) (gcc version 5.4.0 20160609 (Ubuntu 5.4.0-6ubuntu1~16.04.12) ) #219-Ubuntu SMP Tue Aug 11 12:26:50 UTC 2020 (Ubuntu 4.4.0-189.219-generic 4.4.232)
[    0.000000] Command line: BOOT_IMAGE=/boot/vmlinuz-4.4.0-189-generic root=LABEL=cloudimg-rootfs ro console=tty1 console=ttyS0
[    0.000000] KERNEL supported cpus:
[    0.000000]   Intel GenuineIntel
[    0.000000]   AMD AuthenticAMD
[    0.000000]   Centaur CentaurHauls
[    0.000000] x86/fpu: Supporting XSAVE feature 0x01: 'x87 floating point registers'
[    0.000000] x86/fpu: Supporting XSAVE feature 0x02: 'SSE registers'
[    0.000000] x86/fpu: Enabled xstate features 0x3, context size is 576 bytes, using 'standard' format.
[    0.000000] e820: BIOS-provided physical RAM map:
[    0.000000] BIOS-e820: [mem 0x0000000000000000-0x000000000009fbff] usable
[    0.000000] BIOS-e820: [mem 0x000000000009fc00-0x000000000009ffff] reserved
[    0.000000] BIOS-e820: [mem 0x00000000000f0000-0x00000000000fffff] reserved
[    0.000000] BIOS-e820: [mem 0x0000000000100000-0x000000003ffeffff] usable
[    0.000000] BIOS-e820: [mem 0x000000003fff0000-0x000000003fffffff] ACPI data
[    0.000000] BIOS-e820: [mem 0x00000000fec00000-0x00000000fec00fff] reserved
[    0.000000] BIOS-e820: [mem 0x00000000fee00000-0x00000000fee00fff] reserved
[    0.000000] BIOS-e820: [mem 0x00000000fffc0000-0x00000000ffffffff] reserved
[    0.000000] NX (Execute Disable) protection: active
[    0.000000] SMBIOS 2.5 present.
[    0.000000] Hypervisor detected: KVM
[    0.000000] e820: last_pfn = 0x3fff0 max_arch_pfn = 0x400000000
[    0.000000] MTRR: Disabled
[    0.000000] x86/PAT: MTRRs disabled, skipping PAT initialization too.
[    0.000000] CPU MTRRs all blank - virtualized system.
[    0.000000] x86/PAT: Configuration [0-7]: WB  WT  UC- UC  WB  WT  UC- UC  
[    0.000000] found SMP MP-table at [mem 0x0009fff0-0x0009ffff] mapped at [ffff88000009fff0]
[    0.000000] Scanning 1 areas for low memory corruption
[    0.000000] RAMDISK: [mem 0x362e2000-0x37168fff]
[    0.000000] ACPI: Early table checksum verification disabled
[    0.000000] ACPI: RSDP 0x00000000000E0000 000024 (v02 VBOX  )
[    0.000000] ACPI: XSDT 0x000000003FFF0030 00003C (v01 VBOX   VBOXXSDT 00000001 ASL  00000061)
[    0.000000] ACPI: FACP 0x000000003FFF00F0 0000F4 (v04 VBOX   VBOXFACP 00000001 ASL  00000061)
[    0.000000] ACPI: DSDT 0x000000003FFF0470 002324 (v02 VBOX   VBOXBIOS 00000002 INTL 20180105)
[    0.000000] ACPI: FACS 0x000000003FFF0200 000040
[    0.000000] ACPI: FACS 0x000000003FFF0200 000040
[    0.000000] ACPI: APIC 0x000000003FFF0240 00005C (v02 VBOX   VBOXAPIC 00000001 ASL  00000061)
[    0.000000] ACPI: SSDT 0x000000003FFF02A0 0001CC (v01 VBOX   VBOXCPUT 00000002 INTL 20180105)
[    0.000000] No NUMA configuration found
[    0.000000] Faking a node at [mem 0x0000000000000000-0x000000003ffeffff]
[    0.000000] NODE_DATA(0) allocated [mem 0x3ffeb000-0x3ffeffff]
[    0.000000] kvm-clock: Using msrs 4b564d01 and 4b564d00
[    0.000000] kvm-clock: cpu 0, msr 0:3ffe3001, primary cpu clock
[    0.000000] kvm-clock: using sched offset of 3355132740 cycles
[    0.000000] clocksource: kvm-clock: mask: 0xffffffffffffffff max_cycles: 0x1cd42e4dffb, max_idle_ns: 881590591483 ns
[    0.000000] Zone ranges:
[    0.000000]   DMA      [mem 0x0000000000001000-0x0000000000ffffff]
[    0.000000]   DMA32    [mem 0x0000000001000000-0x000000003ffeffff]
[    0.000000]   Normal   empty
[    0.000000]   Device   empty
[    0.000000] Movable zone start for each node
[    0.000000] Early memory node ranges
[    0.000000]   node   0: [mem 0x0000000000001000-0x000000000009efff]
[    0.000000]   node   0: [mem 0x0000000000100000-0x000000003ffeffff]
[    0.000000] Initmem setup node 0 [mem 0x0000000000001000-0x000000003ffeffff]
[    0.000000] ACPI: PM-Timer IO Port: 0x4008
[    0.000000] IOAPIC[0]: apic_id 2, version 32, address 0xfec00000, GSI 0-23
[    0.000000] ACPI: INT_SRC_OVR (bus 0 bus_irq 0 global_irq 2 dfl dfl)
[    0.000000] ACPI: INT_SRC_OVR (bus 0 bus_irq 9 global_irq 9 low level)
[    0.000000] Using ACPI (MADT) for SMP configuration information
[    0.000000] smpboot: Allowing 2 CPUs, 0 hotplug CPUs
[    0.000000] PM: Registered nosave memory: [mem 0x00000000-0x00000fff]
[    0.000000] PM: Registered nosave memory: [mem 0x0009f000-0x0009ffff]
[    0.000000] PM: Registered nosave memory: [mem 0x000a0000-0x000effff]
[    0.000000] PM: Registered nosave memory: [mem 0x000f0000-0x000fffff]
[    0.000000] e820: [mem 0x40000000-0xfebfffff] available for PCI devices
[    0.000000] Booting paravirtualized kernel on KVM
[    0.000000] clocksource: refined-jiffies: mask: 0xffffffff max_cycles: 0xffffffff, max_idle_ns: 7645519600211568 ns
[    0.000000] setup_percpu: NR_CPUS:512 nr_cpumask_bits:512 nr_cpu_ids:2 nr_node_ids:1
[    0.000000] PERCPU: Embedded 33 pages/cpu @ffff88003fc00000 s95512 r8192 d31464 u1048576
[    0.000000] Built 1 zonelists in Node order, mobility grouping on.  Total pages: 257912
[    0.000000] Policy zone: DMA32
[    0.000000] Kernel command line: BOOT_IMAGE=/boot/vmlinuz-4.4.0-189-generic root=LABEL=cloudimg-rootfs ro console=tty1 console=ttyS0
[    0.000000] PID hash table entries: 4096 (order: 3, 32768 bytes)
[    0.000000] Memory: 997668K/1048120K available (8636K kernel code, 1337K rwdata, 4040K rodata, 1492K init, 1296K bss, 50452K reserved, 0K cma-reserved)
[    0.000000] SLUB: HWalign=64, Order=0-3, MinObjects=0, CPUs=2, Nodes=1
[    0.000000] Kernel/User page tables isolation: enabled
[    0.000000] Hierarchical RCU implementation.
[    0.000000] 	Build-time adjustment of leaf fanout to 64.
[    0.000000] 	RCU restricting CPUs from NR_CPUS=512 to nr_cpu_ids=2.
[    0.000000] RCU: Adjusting geometry for rcu_fanout_leaf=64, nr_cpu_ids=2
[    0.000000] NR_IRQS:33024 nr_irqs:440 16
[    0.000000] Console: colour VGA+ 80x25
[    0.000000] console [tty1] enabled
[    0.000000] console [ttyS0] enabled
[    0.000000] tsc: Detected 2400.020 MHz processor
[    0.250989] Calibrating delay loop (skipped) preset value.. 4800.04 BogoMIPS (lpj=9600080)
[    0.253637] pid_max: default: 32768 minimum: 301
[    0.255314] ACPI: Core revision 20150930
[    0.258124] ACPI: 2 ACPI AML tables successfully acquired and loaded
[    0.260082] Security Framework initialized
[    0.261077] Yama: becoming mindful.
[    0.262560] AppArmor: AppArmor initialized
[    0.263711] Dentry cache hash table entries: 131072 (order: 8, 1048576 bytes)
[    0.266349] Inode-cache hash table entries: 65536 (order: 7, 524288 bytes)
[    0.268296] Mount-cache hash table entries: 2048 (order: 2, 16384 bytes)
[    0.270197] Mountpoint-cache hash table entries: 2048 (order: 2, 16384 bytes)
[    0.272668] Initializing cgroup subsys io
[    0.274201] Initializing cgroup subsys memory
[    0.276022] Initializing cgroup subsys devices
[    0.277673] Initializing cgroup subsys freezer
[    0.278971] Initializing cgroup subsys net_cls
[    0.280145] Initializing cgroup subsys perf_event
[    0.281342] Initializing cgroup subsys net_prio
[    0.282486] Initializing cgroup subsys hugetlb
[    0.283633] Initializing cgroup subsys pids
[    0.286367] mce: CPU supports 0 MCE banks
[    0.287754] Last level iTLB entries: 4KB 64, 2MB 8, 4MB 8
[    0.289274] Last level dTLB entries: 4KB 64, 2MB 0, 4MB 0, 1GB 4
[    0.291168] Spectre V1 : Mitigation: usercopy/swapgs barriers and __user pointer sanitization
[    0.293746] Spectre V2 : Mitigation: Full generic retpoline
[    0.295097] Spectre V2 : Spectre v2 / SpectreRSB mitigation: Filling RSB on context switch
[    0.297135] Speculative Store Bypass: Vulnerable
[    0.298392] SRBDS: Unknown: Dependent on hypervisor status
[    0.299817] MDS: Mitigation: Clear CPU buffers
[    0.305530] Freeing SMP alternatives memory: 36K
[    0.315060] ftrace: allocating 32336 entries in 127 pages
[    0.415823] smpboot: APIC(0) Converting physical 0 to logical package 0
[    0.419015] smpboot: Max logical packages: 1
[    0.422079] x2apic enabled
[    0.424062] Switched APIC routing to physical x2apic.
[    0.429221] ..TIMER: vector=0x30 apic1=0 pin1=2 apic2=-1 pin2=-1
[    0.551269] APIC calibration not consistent with PM-Timer: 110ms instead of 100ms
[    0.555298] APIC delta adjusted to PM-Timer: 6244496 (6894705)
[    0.559450] smpboot: CPU0: Intel(R) Pentium(R) CPU 6405U @ 2.40GHz (family: 0x6, model: 0x8e, stepping: 0xc)
[    0.571305] Performance Events: unsupported p6 CPU model 142 no PMU driver, software events only.
[    0.598595] KVM setup paravirtual spinlock
[    0.602565] x86: Booting SMP configuration:
[    0.604729] .... node  #0, CPUs:      #1
[    0.606734] kvm-clock: cpu 1, msr 0:3ffe3041, secondary cpu clock
[    0.612756] mce: CPU supports 0 MCE banks
[    0.615632] x86: Booted up 1 node, 2 CPUs
[    0.617185] smpboot: Total of 2 processors activated (9600.08 BogoMIPS)
[    0.619619] devtmpfs: initialized
[    0.625478] evm: security.selinux
[    0.626657] evm: security.SMACK64
[    0.627834] evm: security.SMACK64EXEC
[    0.628997] evm: security.SMACK64TRANSMUTE
[    0.630535] evm: security.SMACK64MMAP
[    0.632512] evm: security.ima
[    0.633753] evm: security.capability
[    0.635058] clocksource: jiffies: mask: 0xffffffff max_cycles: 0xffffffff, max_idle_ns: 7645041785100000 ns
[    0.637955] futex hash table entries: 512 (order: 3, 32768 bytes)
[    0.640034] pinctrl core: initialized pinctrl subsystem
[    0.642126] RTC time: 15:09:02, date: 09/21/20
[    0.646046] NET: Registered protocol family 16
[    0.661220] cpuidle: using governor ladder
[    0.680981] cpuidle: using governor menu
[    0.683069] PCCT header not found.
[    0.684400] ACPI: bus type PCI registered
[    0.686967] acpiphp: ACPI Hot Plug PCI Controller Driver version: 0.5
[    0.688829] PCI: Using configuration type 1 for base access
[    0.707826] ACPI: Added _OSI(Module Device)
[    0.709131] ACPI: Added _OSI(Processor Device)
[    0.710445] ACPI: Added _OSI(3.0 _SCP Extensions)
[    0.711878] ACPI: Added _OSI(Processor Aggregator Device)
[    0.716431] ACPI: Executed 1 blocks of module-level executable AML code
[    0.724304] ACPI: Interpreter enabled
[    0.725653] ACPI: (supports S0 S5)
[    0.726711] ACPI: Using IOAPIC for interrupt routing
[    0.731578] PCI: Using host bridge windows from ACPI; if necessary, use "pci=nocrs" and report a bug
[    0.740773] ACPI: PCI Root Bridge [PCI0] (domain 0000 [bus 00-ff])
[    0.744921] acpi PNP0A03:00: _OSC: OS supports [ASPM ClockPM Segments MSI]
[    0.747227] acpi PNP0A03:00: _OSC: not requesting OS control; OS requires [ExtendedConfig ASPM ClockPM MSI]
[    0.751244] acpi PNP0A03:00: fail to add MMCONFIG information, can't access extended PCI configuration space under this bridge.
[    0.754835] PCI host bridge to bus 0000:00
[    0.759254] pci_bus 0000:00: root bus resource [io  0x0000-0x0cf7 window]
[    0.765650] pci_bus 0000:00: root bus resource [io  0x0d00-0xffff window]
[    0.768042] pci_bus 0000:00: root bus resource [mem 0x000a0000-0x000bffff window]
[    0.771077] pci_bus 0000:00: root bus resource [mem 0x40000000-0xfdffffff window]
[    0.773250] pci_bus 0000:00: root bus resource [bus 00-ff]
[    0.778317] pci 0000:00:01.1: legacy IDE quirk: reg 0x10: [io  0x01f0-0x01f7]
[    0.779935] pci 0000:00:01.1: legacy IDE quirk: reg 0x14: [io  0x03f6]
[    0.802223] pci 0000:00:01.1: legacy IDE quirk: reg 0x18: [io  0x0170-0x0177]
[    0.804005] pci 0000:00:01.1: legacy IDE quirk: reg 0x1c: [io  0x0376]
[    0.837574] pci 0000:00:07.0: quirk: [io  0x4000-0x403f] claimed by PIIX4 ACPI
[    0.839659] pci 0000:00:07.0: quirk: [io  0x4100-0x410f] claimed by PIIX4 SMB
[    0.858234] ACPI: PCI Interrupt Link [LNKA] (IRQs 5 9 10 *11)
[    0.861106] ACPI: PCI Interrupt Link [LNKB] (IRQs 5 9 *10 11)
[    0.865144] ACPI: PCI Interrupt Link [LNKC] (IRQs 5 *9 10 11)
[    0.868035] ACPI: PCI Interrupt Link [LNKD] (IRQs 5 9 10 *11)
[    0.875060] ACPI: Enabled 2 GPEs in block 00 to 07
[    0.877199] vgaarb: setting as boot device: PCI:0000:00:02.0
[    0.878681] vgaarb: device added: PCI:0000:00:02.0,decodes=io+mem,owns=io+mem,locks=none
[    0.881727] vgaarb: loaded
[    0.883054] vgaarb: bridge control possible 0000:00:02.0
[    0.884874] SCSI subsystem initialized
[    0.886516] ACPI: bus type USB registered
[    0.888005] usbcore: registered new interface driver usbfs
[    0.892121] usbcore: registered new interface driver hub
[    0.893357] usbcore: registered new device driver usb
[    0.895286] PCI: Using ACPI for IRQ routing
[    0.898043] NetLabel: Initializing
[    0.899137] NetLabel:  domain hash size = 128
[    0.900481] NetLabel:  protocols = UNLABELED CIPSOv4
[    0.901804] NetLabel:  unlabeled traffic allowed by default
[    0.904066] amd_nb: Cannot enumerate AMD northbridges
[    0.905293] clocksource: Switched to clocksource kvm-clock
[    0.914603] AppArmor: AppArmor Filesystem Enabled
[    0.916621] pnp: PnP ACPI init
[    0.918689] pnp: PnP ACPI: found 3 devices
[    0.932441] clocksource: acpi_pm: mask: 0xffffff max_cycles: 0xffffff, max_idle_ns: 2085701024 ns
[    0.935049] NET: Registered protocol family 2
[    0.936660] TCP established hash table entries: 8192 (order: 4, 65536 bytes)
[    0.939095] TCP bind hash table entries: 8192 (order: 5, 131072 bytes)
[    0.940701] TCP: Hash tables configured (established 8192 bind 8192)
[    0.942303] UDP hash table entries: 512 (order: 2, 16384 bytes)
[    0.943767] UDP-Lite hash table entries: 512 (order: 2, 16384 bytes)
[    0.946139] NET: Registered protocol family 1
[    0.947536] pci 0000:00:00.0: Limiting direct PCI/PCI transfers
[    0.949015] pci 0000:00:01.0: Activating ISA DMA hang workarounds
[    0.950722] Unpacking initramfs...
[    1.520678] Freeing initrd memory: 14876K
[    1.522810] clocksource: tsc: mask: 0xffffffffffffffff max_cycles: 0x22984a75d98, max_idle_ns: 440795237870 ns
[    1.530380] platform rtc_cmos: registered platform RTC device (no PNP device found)
[    1.540227] Scanning for low memory corruption every 60 seconds
[    1.547921] audit: initializing netlink subsys (disabled)
[    1.556154] audit: type=2000 audit(1600700947.401:1): initialized
[    1.561046] Initialise system trusted keyring
[    1.563828] HugeTLB registered 2 MB page size, pre-allocated 0 pages
[    1.577059] zbud: loaded
[    1.582817] VFS: Disk quotas dquot_6.6.0
[    1.590950] VFS: Dquot-cache hash table entries: 512 (order 0, 4096 bytes)
[    1.594126] squashfs: version 4.0 (2009/01/31) Phillip Lougher
[    1.598688] fuse init (API version 7.23)
[    1.602815] Key type big_key registered
[    1.604214] Allocating IMA MOK and blacklist keyrings.
[    1.632127] Key type asymmetric registered
[    1.633650] Asymmetric key parser 'x509' registered
[    1.641762] Block layer SCSI generic (bsg) driver version 0.4 loaded (major 249)
[    1.654613] io scheduler noop registered
[    1.662163] io scheduler deadline registered (default)
[    1.669447] io scheduler cfq registered
[    1.678995] pci_hotplug: PCI Hot Plug PCI Core version: 0.5
[    1.688768] pciehp: PCI Express Hot Plug Controller Driver version: 0.4
[    1.691063] ACPI: AC Adapter [AC] (on-line)
[    1.701236] input: Power Button as /devices/LNXSYSTM:00/LNXPWRBN:00/input/input0
[    1.705612] ACPI: Power Button [PWRF]
[    1.708550] input: Sleep Button as /devices/LNXSYSTM:00/LNXSLPBN:00/input/input1
[    1.712642] ACPI: Sleep Button [SLPF]
[    1.716303] GHES: HEST is not enabled!
[    1.718436] ACPI: Battery Slot [BAT0] (battery present)
[    1.725994] Serial: 8250/16550 driver, 32 ports, IRQ sharing enabled
[    1.749904] 00:02: ttyS0 at I/O 0x3f8 (irq = 4, base_baud = 115200) is a 16550A
[    1.758893] Linux agpgart interface v0.103
[    1.771595] loop: module loaded
[    1.775291] scsi host0: ata_piix
[    1.779392] scsi host1: ata_piix
[    1.780762] ata1: PATA max UDMA/33 cmd 0x1f0 ctl 0x3f6 bmdma 0xd000 irq 14
[    1.790147] ata2: PATA max UDMA/33 cmd 0x170 ctl 0x376 bmdma 0xd008 irq 15
[    1.793121] libphy: Fixed MDIO Bus: probed
[    1.795664] tun: Universal TUN/TAP device driver, 1.6
[    1.798346] tun: (C) 1999-2004 Max Krasnyansky <maxk@qualcomm.com>
[    1.806896] PPP generic driver version 2.4.2
[    1.809186] ehci_hcd: USB 2.0 'Enhanced' Host Controller (EHCI) Driver
[    1.824505] ehci-pci: EHCI PCI platform driver
[    1.826415] ehci-platform: EHCI generic platform driver
[    1.828035] ohci_hcd: USB 1.1 'Open' Host Controller (OHCI) Driver
[    1.829499] ohci-pci: OHCI PCI platform driver
[    1.840139] ohci-platform: OHCI generic platform driver
[    1.850660] uhci_hcd: USB Universal Host Controller Interface driver
[    1.853251] i8042: PNP: PS/2 Controller [PNP0303:PS2K,PNP0f03:PS2M] at 0x60,0x64 irq 1,12
[    1.857170] serio: i8042 KBD port at 0x60,0x64 irq 1
[    1.858573] serio: i8042 AUX port at 0x60,0x64 irq 12
[    1.862298] mousedev: PS/2 mouse device common for all mice
[    1.872134] input: AT Translated Set 2 keyboard as /devices/platform/i8042/serio0/input/input2
[    1.890148] rtc_cmos rtc_cmos: rtc core: registered rtc_cmos as rtc0
[    1.892301] rtc_cmos rtc_cmos: alarms up to one day, 114 bytes nvram
[    1.897214] i2c /dev entries driver
[    1.898482] device-mapper: uevent: version 1.0.3
[    1.899957] device-mapper: ioctl: 4.34.0-ioctl (2015-10-28) initialised: dm-devel@redhat.com
[    1.903174] ledtrig-cpu: registered to indicate activity on CPUs
[    1.908237] NET: Registered protocol family 10
[    1.914834] NET: Registered protocol family 17
[    1.916515] Key type dns_resolver registered
[    1.918794] registered taskstats version 1
[    1.922630] Loading compiled-in X.509 certificates
[    1.926079] Loaded X.509 cert 'Build time autogenerated kernel key: 06f0812676e66a24038557b34a5a5205bffb6390'
[    1.932110] zswap: loaded using pool lzo/zbud
[    1.936873] Key type trusted registered
[    1.947468] Key type encrypted registered
[    1.948745] AppArmor: AppArmor sha1 policy hashing enabled
[    1.950771] ima: No TPM chip found, activating TPM-bypass!
[    1.953540] ima: Allocated hash algorithm: sha1
[    1.955188] evm: HMAC attrs: 0x1
[    1.982045]   Magic number: 4:803:184
[    1.983823] rtc_cmos rtc_cmos: setting system clock to 2020-09-21 15:09:03 UTC (1600700943)
[    1.987340] BIOS EDD facility v0.16 2004-Jun-25, 0 devices found
[    1.989189] EDD information not available.
[    2.004759] Freeing unused kernel memory: 1492K
[    2.020342] Write protecting the kernel read-only data: 14336k
[    2.024396] Freeing unused kernel memory: 1592K
[    2.028181] Freeing unused kernel memory: 56K
Loading, please wait...
starting version 229
[    2.067170] random: systemd-udevd: uninitialized urandom read (16 bytes read, 3 bits of entropy available)
[    2.068518] random: udevadm: uninitialized urandom read (16 bytes read, 3 bits of entropy available)
[    2.068572] random: udevadm: uninitialized urandom read (16 bytes read, 3 bits of entropy available)
[    2.096072] random: udevadm: uninitialized urandom read (16 bytes read, 3 bits of entropy available)
[    2.096166] random: udevadm: uninitialized urandom read (16 bytes read, 3 bits of entropy available)
[    2.096458] random: udevadm: uninitialized urandom read (16 bytes read, 3 bits of entropy available)
[    2.096576] random: udevadm: uninitialized urandom read (16 bytes read, 3 bits of entropy available)
[    2.096687] random: udevadm: uninitialized urandom read (16 bytes read, 3 bits of entropy available)
[    2.096800] random: udevadm: uninitialized urandom read (16 bytes read, 3 bits of entropy available)
[    2.096901] random: udevadm: uninitialized urandom read (16 bytes read, 3 bits of entropy available)
[    2.224412] e1000: Intel(R) PRO/1000 Network Driver - version 7.3.21-k8-NAPI
[    2.229514] e1000: Copyright (c) 1999-2006 Intel Corporation.
[    2.242978] Fusion MPT base driver 3.04.20
[    2.245943] Copyright (c) 1999-2008 LSI Corporation
[    2.284776] SSE version of gcm_enc/dec engaged.
[    2.299029] Fusion MPT SPI Host driver 3.04.20
[    2.491216] input: ImExPS/2 Generic Explorer Mouse as /devices/platform/i8042/serio1/input/input4
[    3.358958] e1000 0000:00:03.0 eth0: (PCI:33MHz:32-bit) 02:ca:72:46:a7:87
[    3.360623] e1000 0000:00:03.0 eth0: Intel(R) PRO/1000 Network Connection
[    4.181283] e1000 0000:00:08.0 eth1: (PCI:33MHz:32-bit) 08:00:27:4d:ab:f8
[    4.183157] e1000 0000:00:08.0 eth1: Intel(R) PRO/1000 Network Connection
[    4.187404] e1000 0000:00:03.0 enp0s3: renamed from eth0
[    4.189829] mptbase: ioc0: Initiating bringup
[    4.201618] e1000 0000:00:08.0 enp0s8: renamed from eth1
[    4.470918] ioc0: LSI53C1030 A0: Capabilities={Initiator}
[    6.174768] scsi host2: ioc0: LSI53C1030 A0, FwRev=00000000h, Ports=1, MaxQ=256, IRQ=20
[    7.368617] scsi 2:0:0:0: Direct-Access     VBOX     HARDDISK         1.0  PQ: 0 ANSI: 5
[    7.372625] scsi target2:0:0: Beginning Domain Validation
[    7.377581] scsi target2:0:0: Domain Validation skipping write tests
[    7.378990] scsi target2:0:0: Ending Domain Validation
[    7.380217] scsi target2:0:0: asynchronous
[    7.382028] scsi 2:0:1:0: Direct-Access     VBOX     HARDDISK         1.0  PQ: 0 ANSI: 5
[    7.398525] scsi target2:0:1: Beginning Domain Validation
[    7.401730] scsi target2:0:1: Domain Validation skipping write tests
[    7.403307] scsi target2:0:1: Ending Domain Validation
[    7.404590] scsi target2:0:1: asynchronous
[    7.412448] sd 2:0:0:0: Attached scsi generic sg0 type 0
[    7.412852] sd 2:0:0:0: [sda] 20971520 512-byte logical blocks: (10.7 GB/10.0 GiB)
[    7.413006] sd 2:0:0:0: [sda] Write Protect is off
[    7.413097] sd 2:0:0:0: [sda] Incomplete mode parameter data
[    7.413099] sd 2:0:0:0: [sda] Assuming drive cache: write through
[    7.418187]  sda: sda1
[    7.420240] sd 2:0:0:0: [sda] Attached SCSI disk
[    7.427217] sd 2:0:1:0: Attached scsi generic sg1 type 0
[    7.427349] sd 2:0:1:0: [sdb] 20480 512-byte logical blocks: (10.5 MB/10.0 MiB)
[    7.427530] sd 2:0:1:0: [sdb] Write Protect is off
[    7.427655] sd 2:0:1:0: [sdb] Incomplete mode parameter data
[    7.427657] sd 2:0:1:0: [sdb] Assuming drive cache: write through
[    7.431853] sd 2:0:1:0: [sdb] Attached SCSI disk
Begin: Loading essential drivers ... [    8.935824] md: linear personality registered for level -1
[    8.940673] md: multipath personality registered for level -4
[    8.945217] md: raid0 personality registered for level 0
[    8.951092] md: raid1 personality registered for level 1
[    9.025350] raid6: sse2x1   gen()  5993 MB/s
[    9.093357] raid6: sse2x1   xor()  3510 MB/s
[    9.161368] raid6: sse2x2   gen()  8504 MB/s
[    9.232708] raid6: sse2x2   xor()  5737 MB/s
[    9.301332] raid6: sse2x4   gen() 10643 MB/s
[    9.369659] raid6: sse2x4   xor()  6713 MB/s
[    9.370874] raid6: using algorithm sse2x4 gen() 10643 MB/s
[    9.372260] raid6: .... xor() 6713 MB/s, rmw enabled
[    9.373534] raid6: using ssse3x2 recovery algorithm
[    9.377144] xor: measuring software checksum speed
[    9.457631]    prefetch64-sse: 49217.000 MB/sec
[    9.545305]    generic_sse: 41966.000 MB/sec
[    9.546357] xor: using function: prefetch64-sse (49217.000 MB/sec)
[    9.549009] async_tx: api initialized (async)
[    9.565032] md: raid6 personality registered for level 6
[    9.566499] md: raid5 personality registered for level 5
[    9.567936] md: raid4 personality registered for level 4
[    9.583545] md: raid10 personality registered for level 10
done.
Begin: Running /scripts/init-premount ... done.
Begin: Mounting root file system ... Begin: Running /scripts/local-top ... done.
Begin: Running /scripts/local-premount ... [    9.631797] Btrfs loaded
Scanning for Btrfs filesystems
done.
Warning: fsck not present, so skipping root file system
[    9.681762] EXT4-fs (sda1): mounted filesystem with ordered data mode. Opts: (null)
done.
Begin: Running /scripts/local-bottom ... done.
Begin: Running /scripts/init-bottom ... done.
[    9.885437] systemd[1]: systemd 229 running in system mode. (+PAM +AUDIT +SELINUX +IMA +APPARMOR +SMACK +SYSVINIT +UTMP +LIBCRYPTSETUP +GCRYPT +GNUTLS +ACL +XZ -LZ4 +SECCOMP +BLKID +ELFUTILS +KMOD -IDN)
[    9.890566] systemd[1]: Detected virtualization oracle.
[    9.892275] systemd[1]: Detected architecture x86-64.

Welcome to [1mUbuntu 16.04.7 LTS[0m!

[    9.899537] systemd[1]: Set hostname to <ubuntu>.
[    9.908092] systemd[1]: Initializing machine ID from random generator.
[    9.910517] systemd[1]: Installed transient /etc/machine-id file.
[   10.167180] systemd[1]: Listening on LVM2 metadata daemon socket.
[[0;32m  OK  [0m] Listening on LVM2 metadata daemon socket.
[   10.173055] systemd[1]: Listening on Syslog Socket.
[[0;32m  OK  [0m] Listening on Syslog Socket.
[   10.180964] systemd[1]: Reached target Encrypted Volumes.
[[0;32m  OK  [0m] Reached target Encrypted Volumes.
[   10.186075] systemd[1]: Started Forward Password Requests to Wall Directory Watch.
[[0;32m  OK  [0m] Started Forward Password Requests to Wall Directory Watch.
[   10.190213] systemd[1]: Reached target System Time Synchronized.
[[0;32m  OK  [0m] Reached target System Time Synchronized.
[   10.195189] systemd[1]: Listening on Journal Socket.
[[0;32m  OK  [0m] Listening on Journal Socket.
[   10.199639] systemd[1]: Listening on /dev/initctl Compatibility Named Pipe.
[[0;32m  OK  [0m] Listening on /dev/initctl Compatibility Named Pipe.
[   10.204384] systemd[1]: Listening on udev Kernel Socket.
[[0;32m  OK  [0m] Listening on udev Kernel Socket.
[   10.210404] systemd[1]: Reached target Swap.
[[0;32m  OK  [0m] Reached target Swap.
[   10.213502] systemd[1]: Listening on Journal Socket (/dev/log).
[[0;32m  OK  [0m] Listening on Journal Socket (/dev/log).
[   10.226065] systemd[1]: Set up automount Arbitrary Executable File Formats File System Automount Point.
[[0;32m  OK  [0m] Set up automount Arbitrary Executab...ats File System Automount Point.
[   10.256529] systemd[1]: Listening on Device-mapper event daemon FIFOs.
[[0;32m  OK  [0m] Listening on Device-mapper event daemon FIFOs.
[   10.261475] systemd[1]: Started Trigger resolvconf update for networkd DNS.
[[0;32m  OK  [0m] Started Trigger resolvconf update for networkd DNS.
[   10.266093] systemd[1]: Listening on udev Control Socket.
[[0;32m  OK  [0m] Listening on udev Control Socket.
[   10.270612] systemd[1]: Created slice User and Session Slice.
[[0;32m  OK  [0m] Created slice User and Session Slice.
[   10.290862] systemd[1]: Listening on LVM2 poll daemon socket.
[[0;32m  OK  [0m] Listening on LVM2 poll daemon socket.
[   10.295048] systemd[1]: Reached target User and Group Name Lookups.
[[0;32m  OK  [0m] Reached target User and Group Name Lookups.
[   10.308711] systemd[1]: Listening on Journal Audit Socket.
[[0;32m  OK  [0m] Listening on Journal Audit Socket.
[   10.331606] systemd[1]: Created slice System Slice.
[[0;32m  OK  [0m] Created slice System Slice.
[   10.349573] systemd[1]: Mounting Debug File System...
         Mounting Debug File System...
[   10.370597] systemd[1]: Starting Load Kernel Modules...
         Starting Load Kernel Modules...
[   10.377733] systemd[1]: Starting Remount Root and Kernel File Systems...
         Starting Remount Root and Kernel File Systems...
[   10.385226] systemd[1]: Mounting POSIX Message Queue File System...
         Mounting POSIX Message Queue File System...
[   10.397429] systemd[1]: Starting Set console keymap...
[   10.405796] EXT4-fs (sda1): re-mounted. Opts: (null)
         Starting Set console keymap...
[   10.432904] systemd[1]: Starting Monitoring of LVM2 mirrors, snapshots etc. using dmeventd or progress polling...
[   10.440741] Loading iSCSI transport class v2.0-870.
         Starting Monitoring of LVM2 mirrors... dmeventd or progress polling...
[   10.464833] systemd[1]: Starting Create list of required static device nodes for the current kernel...
         Starting Create list of required st... nodes for the current kernel...
[   10.482257] systemd[1]: Mounting Huge Pages File System...
[   10.488834] iscsi: registered transport (tcp)
         Mounting Huge Pages File System...
[   10.494295] systemd[1]: Starting Journal Service...
         Starting Journal Service...
[   10.507030] systemd[1]: Starting Nameserver information manager...
         Starting Nameserver information manager...
[   10.512606] systemd[1]: Created slice system-serial\x2dgetty.slice.
[[0;32m  OK  [0m] Created slice system-serial\x2dgetty.slice.
[   10.529167] systemd[1]: Starting Uncomplicated firewall...
         Starting Uncomplicated firewall...
[   10.564006] systemd[1]: Reached target Slices.
[[0;32m  OK  [0m] Reached target Slices.
[   10.586034] systemd[1]: Mounted Debug File System.
[[   10.588382] random: nonblocking pool is initialized
[0;32m  OK  [0m] Mounted Debug File System.
[   10.591402] systemd[1]: Mounted Huge Pages File System.
[[0;32m  OK  [0m] Mounted Huge Pages File System.
[   10.594902] systemd[1]: Mounted POSIX Message Queue File System.
[[0;32m  OK  [0m] Mounted POSIX Message Queue File System.
[   10.599647] systemd[1]: Started Remount Root and Kernel File Systems.
[[0;32m  OK  [0m] Started Remount Root and Kernel File Systems.
[   10.604672] systemd[1]: Started Create list of required static device nodes for the current kernel.
[[0;32m  OK  [0m] Started Create list of required sta...ce nodes for the current kernel.
[   10.702626] systemd[1]: Started Uncomplicated firewall.
[[0;32m  OK  [0m] Started Uncomplicated firewall.[   10.731487] iscsi: registered transport (iser)

[   10.734853] systemd[1]: Started Set console keymap.
[[0;32m  OK  [0m] Started Set console keymap.
[   10.747575] systemd[1]: Started Load Kernel Modules.
[[0;32m  OK  [0m] Started Load Kernel Modules.
[   10.766048] systemd[1]: Started Nameserver information manager.
[[0;32m  OK  [0m] Started Nameserver information manager.
[   10.803125] systemd[1]: Started Journal Service.
[[0;32m  OK  [0m] Started Journal Service.
[[0;32m  OK  [0m] Started LVM2 metadata daemon.
         Starting Apply Kernel Variables...
         Mounting FUSE Control File System...
         Starting Create Static Device Nodes in /dev...
         Starting Flush Journal to Persistent Storage...
         Starting udev Coldplug all Devices...
         Starting Load/Save Random Seed...
[[0;32m  OK  [0m] Mounted FUSE Control File System.
[[0;32m  OK  [0m] Started Apply Kernel Variables.
[[0;32m  OK  [0m] Started Load/Save Random Seed.
[[0;32m  OK  [0m] Started Flush Journal to Persistent Storage.
[[0;32m  OK  [0m] Started Create Static Device Nodes in /dev.
         Starting udev Kernel Device Manager...
[[0;32m  OK  [0m] Started udev Coldplug all Devices.
[[0;32m  OK  [0m] Started udev Kernel Device Manager.
[[0;32m  OK  [0m] Started Dispatch Password Requests to Console Directory Watch.
[[0;32m  OK  [0m] Started Monitoring of LVM2 mirrors,...ng dmeventd or progress polling.
[[0;32m  OK  [0m] Reached target Local File Systems (Pre).
[[0;32m  OK  [0m] Reached target Local File Systems.
         Starting Set console font and keymap...
         Starting Initial cloud-init job (pre-networking)...
         Starting Tell Plymouth To Write Out Runtime Data...
         Starting Create Volatile Files and Directories...
         Starting LSB: AppArmor initialization...
         Starting Commit a transient machine-id on disk...
[[0;32m  OK  [0m] Started Tell Plymouth To Write Out Runtime Data.
[[0;32m  OK  [0m] Started Create Volatile Files and Directories.
         Starting Update UTMP about System Boot/Shutdown...
[[0;32m  OK  [0m] Started Commit a transient machine-id on disk.
[[0;32m  OK  [0m] Started Update UTMP about System Boot/Shutdown.
[[0;32m  OK  [0m] Found device /dev/ttyS0.
[[0;32m  OK  [0m] Listening on Load/Save RF Kill Switch Status /dev/rfkill Watch.
[   14.386355] cloud-init[481]: Cloud-init v. 20.3-2-g371b392c-0ubuntu1~16.04.1 running 'init-local' at Mon, 21 Sep 2020 15:09:15 +0000. Up 13.93 seconds.
[[0;32m  OK  [0m] Started Initial cloud-init job (pre-networking).
[[0;32m  OK  [0m] Reached target Network (Pre).
[[0;32m  OK  [0m] Started LSB: AppArmor initialization.
         Starting Raise network interfaces...
         Starting Load AppArmor profiles managed internally by snapd...
[[0;32m  OK  [0m] Started Load AppArmor profiles managed internally by snapd.
[[0;32m  OK  [0m] Started Set console font and keymap.
[[0;32m  OK  [0m] Created slice system-getty.slice.
[[0;32m  OK  [0m] Started Raise network interfaces.
[[0;32m  OK  [0m] Reached target Network.
         Starting Initial cloud-init job (metadata service crawler)...
[   16.390294] cloud-init[963]: Cloud-init v. 20.3-2-g371b392c-0ubuntu1~16.04.1 running 'init' at Mon, 21 Sep 2020 15:09:17 +0000. Up 15.75 seconds.
[   16.392758] cloud-init[963]: ci-info: ++++++++++++++++++++++++++++++++++++++Net device info+++++++++++++++++++++++++++++++++++++++
[   16.394956] cloud-init[963]: ci-info: +--------+-------+----------------------------+---------------+--------+-------------------+
[   16.397122] cloud-init[963]: ci-info: | Device |   Up  |          Address           |      Mask     | Scope  |     Hw-Address    |
[   16.399296] cloud-init[963]: ci-info: +--------+-------+----------------------------+---------------+--------+-------------------+
[   16.401482] cloud-init[963]: ci-info: | enp0s3 |  True |         10.0.2.15          | 255.255.255.0 | global | 02:ca:72:46:a7:87 |
[   16.403670] cloud-init[963]: ci-info: | enp0s3 |  True | fe80::ca:72ff:fe46:a787/64 |       .       |  link  | 02:ca:72:46:a7:87 |
[   16.405896] cloud-init[963]: ci-info: | enp0s8 | False |             .              |       .       |   .    | 08:00:27:4d:ab:f8 |
[   16.407902] cloud-init[963]: ci-info: |   lo   |  True |         127.0.0.1          |   255.0.0.0   |  host  |         .         |
[   16.410174] cloud-init[963]: ci-info: |   lo   |  True |          ::1/128           |       .       |  host  |         .         |
[   16.412404] cloud-init[963]: ci-info: +--------+-------+----------------------------+---------------+--------+-------------------+
[   16.414548] cloud-init[963]: ci-info: +++++++++++++++++++++++++++Route IPv4 info++++++++++++++++++++++++++++
[   16.416485] cloud-init[963]: ci-info: +-------+-------------+----------+---------------+-----------+-------+
[   16.418434] cloud-init[963]: ci-info: | Route | Destination | Gateway  |    Genmask    | Interface | Flags |
[   16.420433] cloud-init[963]: ci-info: +-------+-------------+----------+---------------+-----------+-------+
[   16.424476] cloud-init[963]: ci-info: |   0   |   0.0.0.0   | 10.0.2.2 |    0.0.0.0    |   enp0s3  |   UG  |
[   16.426389] cloud-init[963]: ci-info: |   1   |   10.0.2.0  | 0.0.0.0  | 255.255.255.0 |   enp0s3  |   U   |
[   16.428331] cloud-init[963]: ci-info: +-------+-------------+----------+---------------+-----------+-------+
[   16.430861] cloud-init[963]: ci-info: +++++++++++++++++++Route IPv6 info+++++++++++++++++++
[   16.432748] cloud-init[963]: ci-info: +-------+-------------+---------+-----------+-------+
[   16.434482] cloud-init[963]: ci-info: | Route | Destination | Gateway | Interface | Flags |
[   16.436155] cloud-init[963]: ci-info: +-------+-------------+---------+-----------+-------+
[   16.437874] cloud-init[963]: ci-info: |   0   |  fe80::/64  |    ::   |   enp0s3  |   U   |
[   16.439598] cloud-init[963]: ci-info: |   3   |   ff00::/8  |    ::   |   enp0s3  |   U   |
[   16.441465] cloud-init[963]: ci-info: +-------+-------------+---------+-----------+-------+
[   16.443654] cloud-init[963]: Generating public/private rsa key pair.
[   16.445465] cloud-init[963]: Your identification has been saved in /etc/ssh/ssh_host_rsa_key.
[   16.447235] cloud-init[963]: Your public key has been saved in /etc/ssh/ssh_host_rsa_key.pub.
[   16.449011] cloud-init[963]: The key fingerprint is:
[   16.450250] cloud-init[963]: SHA256:hRS2W9sFA2/Osrn6Gcz8Afc7EWY4kfpKTHt8PuPUzqs root@ubuntu-xenial
[   16.452000] cloud-init[963]: The key's randomart image is:
[   16.453451] cloud-init[963]: +---[RSA 2048]----+
[   16.454712] cloud-init[963]: |        +...o.   |
[   16.455970] cloud-init[963]: |       o o .oo   |
[   16.457299] cloud-init[963]: |        o o.oo.  |
[   16.458530] cloud-init[963]: |         +o*o.+  |
[   16.459760] cloud-init[963]: |        So++=+ . |
[   16.461566] cloud-init[963]: |         ++*+.o. |
[   16.462751] cloud-init[963]: |         .Bo.oo..|
[   16.463924] cloud-init[963]: |          .= o=+ |
[   16.465214] cloud-init[963]: |        .o+ .E+=+|
[   16.466458] cloud-init[963]: +----[SHA256]-----+
[   16.467719] cloud-init[963]: Generating public/private dsa key pair.
[   16.469249] cloud-init[963]: Your identification has been saved in /etc/ssh/ssh_host_dsa_key.
[   16.470975] cloud-init[963]: Your public key has been saved in /etc/ssh/ssh_host_dsa_key.pub.
[   16.472740] cloud-init[963]: The key fingerprint is:
[   16.474688] cloud-init[963]: SHA256:iVNr1//HWujv6A0FmLwjK2vm7DhcSveAPWvZwusNu0k root@ubuntu-xenial
[   16.476973] cloud-init[963]: The key's randomart image is:
[   16.478366] cloud-init[963]: +---[DSA 1024]----+
[   16.479643] cloud-init[963]: |                 |
[   16.480942] cloud-init[963]: |           . o   |
[   16.482224] cloud-init[963]: |        .   + .  |
[   16.483502] cloud-init[963]: |       o o . . . |
[   16.484815] cloud-init[963]: |      ooS o +   .|
[   16.485889] cloud-init[963]: |      oo*. o o o |
[   16.492468] cloud-init[963]: |     o =EB.   +..|
[   16.493684] cloud-init[963]: |      ++OBo  . *o|
[   16.494801] cloud-init[963]: |      .O@+.  .=+*|
[   16.495853] cloud-init[963]: +----[SHA256]-----+
[   16.496993] cloud-init[963]: Generating public/private ecdsa key pair.
[   16.498290] cloud-init[963]: Your identification has been saved in /etc/ssh/ssh_host_ecdsa_key.
[   16.499824] cloud-init[963]: Your public key has been saved in /etc/ssh/ssh_host_ecdsa_key.pub.
[   16.501372] cloud-init[963]: The key fingerprint is:
[   16.502466] cloud-init[963]: SHA256:2L2WZnQJ1nIyugkTfjfMvNOhJer7DTXhnU1/yFnrcIE root@ubuntu-xenial
[   16.504039] cloud-init[963]: The key's randomart image is:
[   16.505237] cloud-init[963]: +---[ECDSA 256]---+
[   16.506308] cloud-init[963]: |                 |
[   16.507368] cloud-init[963]: |           .  .  |
[   16.508457] cloud-init[963]: |      .   * +E .o|
[   16.509507] cloud-init[963]: |     . + B B = B+|
[   16.510561] cloud-init[963]: |      = S X O.*o+|
[   16.511643] cloud-init[963]: |       + * % o+ .|
[   16.512732] cloud-init[963]: |        + @ .  . |
[   16.513776] cloud-init[963]: |       . + +     |
[   16.514859] cloud-init[963]: |        oo. .    |
[   16.515920] cloud-init[963]: +----[SHA256]-----+
[   16.517047] cloud-init[963]: Generating public/private ed25519 key pair.
[   16.518331] cloud-init[963]: Your identification has been saved in /etc/ssh/ssh_host_ed25519_key.
[   16.519879] cloud-init[963]: Your public key has been saved in /etc/ssh/ssh_host_ed25519_key.pub.
[   16.521480] cloud-init[963]: The key fingerprint is:
[   16.522587] cloud-init[963]: SHA256:a//OjbbrAR4Gx/LZy/hM9PS1HW5TPwU6OXyZRCAxSiI root@ubuntu-xenial
[   16.524174] cloud-init[963]: The key's randomart image is:
[   16.525341] cloud-init[963]: +--[ED25519 256]--+
[   16.526346] cloud-init[963]: |    E . . +....  |
[   16.527374] cloud-init[963]: |     . o o o .   |
[[0;32m  OK  [0m[   16.528591] cloud-init[963]: |        + o   o  |
[   16.528845] cloud-init[963]: |         = + + + |
[   16.529456] cloud-init[963]: |        S * O =.+|
] Started Initial cloud-init job (metadata service crawler).
[   16.529918] cloud-init[963]: |         + * B..O|
[   16.533126] cloud-init[963]: |        o o = .*+|
[   16.533548] cloud-init[963]: |       . . =.+. o|
[   16.533878] cloud-init[963]: |          .=@o.  |
[   16.534268] cloud-init[963]: +----[SHA256]-----+
[[0;32m  OK  [0m] Reached target Network is Online.
         Starting iSCSI initiator daemon (iscsid)...
[[0;32m  OK  [0m] Reached target System Initialization.
[[0;32m  OK  [0m] Started Daily apt download activities.
[[0;32m  OK  [0m] Started ACPI Events Check.
[[0;32m  OK  [0m] Reached target Paths.
[[0;32m  OK  [0m] Listening on ACPID Listen Socket.
[[0;32m  OK  [0m] Started Daily Cleanup of Temporary Directories.
         Starting Socket activation for snappy daemon.
         Starting LXD - unix socket.
[[0;32m  OK  [0m] Listening on D-Bus System Message Bus Socket.
[[0;32m  OK  [0m] Started Message of the Day.
[[0;32m  OK  [0m] Started Daily apt upgrade and clean activities.
[[0;32m  OK  [0m] Reached target Timers.
[[0;32m  OK  [0m] Listening on UUID daemon activation socket.
[[0;32m  OK  [0m] Reached target Cloud-config availability.
[[0;32m  OK  [0m] Listening on Socket activation for snappy daemon.
[[0;32m  OK  [0m] Listening on LXD - unix socket.
[[0;32m  OK  [0m] Reached target Sockets.
[[0;32m  OK  [0m] Reached target Basic System.
[[0;32m  OK  [0m] Started Regular background program processing daemon.
         Starting LSB: MD monitoring daemon...
         Starting Accounts Service...
[[0;32m  OK  [0m] Started D-Bus System Message Bus.
         Starting System Logging Service...
         Starting Virtualbox guest utils...
         Starting Login Service...
         Starting LSB: Record successful boot for GRUB...
[[0;32m  OK  [0m] Started ACPI event daemon.
         Starting LXD - container startup/shutdown...
[[0;32m  OK  [0m] Started FUSE filesystem for LXC.
         Starting /etc/rc.local Compatibility...
[[0;32m  OK  [0m] Started Deferred execution scheduler.
         Starting Pollinate to seed the pseudo random number generator...
         Starting Snap Daemon...
[[0;32m  OK  [0m] Started System Logging Service.
[[0;32m  OK  [0m] Started iSCSI initiator daemon (iscsid).
[[0;32m  OK  [0m] Started /etc/rc.local Compatibility.
         Starting Authenticate and Authorize Users to Run Privileged Tasks...
         Starting Login to default iSCSI targets...
[[0;32m  OK  [0m] Started Login Service.
[[0;32m  OK  [0m] Started Unattended Upgrades Shutdown.
[[0;32m  OK  [0m] Started LSB: Record successful boot for GRUB.
[[0;32m  OK  [0m] Started LSB: MD monitoring daemon.
[[0;32m  OK  [0m] Started Authenticate and Authorize Users to Run Privileged Tasks.
[[0;32m  OK  [0m] Started Accounts Service.
[[0;32m  OK  [0m] Started Login to default iSCSI targets.
[[0;32m  OK  [0m] Reached target Remote File Systems (Pre).
[[0;32m  OK  [0m] Reached target Remote File Systems.
         Starting LSB: Set the CPU Frequency Scaling governor to "ondemand"...
         Starting LSB: automatic crash report generation...
         Starting Permit User Sessions...
         Starting LSB: daemon to balance interrupts for SMP systems...
[[0;32m  OK  [0m] Started Permit User Sessions.
         Starting Hold until boot process finishes up...
         Starting Terminate Plymouth Boot Screen...
[[0;32m  OK  [0m] Started Hold until boot process finishes up.
         Starting Set console scheme...
[[0;32m  OK  [0m] Started Getty on tty1.
[[0;32m  OK  [0m] Started Serial Getty on ttyS0.
[[0;32m  OK  [0m] Reached target Login Prompts.
[[0;32m  OK  [0m] Started Set console scheme.
[[0;32m  OK  [0m] Started Terminate Plymouth Boot Screen.
[[0;32m  OK  [0m] Started LSB: Set the CPU Frequency Scaling governor to "ondemand".
[[0;32m  OK  [0m] Started LSB: daemon to balance interrupts for SMP systems.
[[0;32m  OK  [0m] Started LSB: automatic crash report generation.
[[0;32m  OK  [0m] Started Virtualbox guest utils.
[[0;32m  OK  [0m] Started LXD - container startup/shutdown.
[[0;32m  OK  [0m] Started Snap Daemon.
         Starting Wait until snapd is fully seeded...
[[0;32m  OK  [0m] Started Wait until snapd is fully seeded.
         Starting Apply the settings specified in cloud-config...
[[0;32m  OK  [0m] Started Pollinate to seed the pseudo random number generator.
         Starting OpenBSD Secure Shell server...
[[0;32m  OK  [0m] Started OpenBSD Secure Shell server.
[[0;32m  OK  [0m] Reached target Multi-User System.
[[0;32m  OK  [0m] Reached target Graphical Interface.
         Starting Update UTMP about System Runlevel Changes...
[[0;32m  OK  [0m] Started Update UTMP about System Runlevel Changes.
[   18.169141] cloud-init[1302]: Generating locales (this might take a while)...
[   18.934179] cloud-init[1302]:   en_US.UTF-8... done
[   18.935637] cloud-init[1302]: Generation complete.
[   19.291283] cloud-init[1302]: Cloud-init v. 20.3-2-g371b392c-0ubuntu1~16.04.1 running 'modules:config' at Mon, 21 Sep 2020 15:09:19 +0000. Up 18.04 seconds.
[[0;32m  OK  [0m] Started Apply the settings specified in cloud-config.
         Starting Execute cloud user/final scripts...
[[0;32m  OK  [0m] Created slice User Slice of vagrant.
         Starting User Manager for UID 1000...
[[0;32m  OK  [0m] Started Session 1 of user vagrant.
[[0;32m  OK  [0m] Started User Manager for UID 1000.
ci-info: no authorized SSH keys fingerprints found for user ubuntu.
<14>Sep 21 15:09:21 ec2: 
<14>Sep 21 15:09:21 ec2: #############################################################
<14>Sep 21 15:09:21 ec2: -----BEGIN SSH HOST KEY FINGERPRINTS-----
<14>Sep 21 15:09:21 ec2: 1024 SHA256:iVNr1//HWujv6A0FmLwjK2vm7DhcSveAPWvZwusNu0k root@ubuntu-xenial (DSA)
<14>Sep 21 15:09:21 ec2: 256 SHA256:2L2WZnQJ1nIyugkTfjfMvNOhJer7DTXhnU1/yFnrcIE root@ubuntu-xenial (ECDSA)
<14>Sep 21 15:09:21 ec2: 256 SHA256:a//OjbbrAR4Gx/LZy/hM9PS1HW5TPwU6OXyZRCAxSiI root@ubuntu-xenial (ED25519)
<14>Sep 21 15:09:21 ec2: 2048 SHA256:hRS2W9sFA2/Osrn6Gcz8Afc7EWY4kfpKTHt8PuPUzqs root@ubuntu-xenial (RSA)
<14>Sep 21 15:09:21 ec2: -----END SSH HOST KEY FINGERPRINTS-----
<14>Sep 21 15:09:21 ec2: #############################################################
-----BEGIN SSH HOST KEY KEYS-----
ecdsa-sha2-nistp256 AAAAE2VjZHNhLXNoYTItbmlzdHAyNTYAAAAIbmlzdHAyNTYAAABBBP37cvWevbVnJYwyaKI8lt1spz+V4pwUWtOqTYKVHGMvTR9p2foahWIf0mz6mTk2JOnRR9TDv2XxBOZu3TgrdNc= root@ubuntu-xenial
ssh-ed25519 AAAAC3NzaC1lZDI1NTE5AAAAIMuF0fAIM9AnxwPM+Ey3EQrz7kis5tmgUtb3sP+oomJB root@ubuntu-xenial
ssh-rsa AAAAB3NzaC1yc2EAAAADAQABAAABAQClvexOUkMRjTlt3d/OJ+t8+UAfPZH1BCkQNa4kEzCXfeJ5rJp9k7SR8h0iUPrXeavzshdFYYPpaKDVL9NtRMVrndNeUD0hkMelN1X9OOI7JmD3SheFviSBIjgV+HbBHce6WJZvWZcOJzqCUjkdc1FJxq81lzZYrHWiQg8+FdndfZTBkrCaJj+fqs8Dy0ZRSR53k822b9cQBKjR4JnmI3HRkJzdRsZcxQQaM47uBV/P45eciKyUzwez+29k/pag33jlwVS88gfz0o7Gw7QaCd2Hi1G87aG0zJ6R9LhVdb2mpIABZWX54UTHaNQsOH26f1HA5zf2bc/zNc9on9oYZ7S3 root@ubuntu-xenial
-----END SSH HOST KEY KEYS-----
[   20.045643] cloud-init[1367]: Cloud-init v. 20.3-2-g371b392c-0ubuntu1~16.04.1 running 'modules:final' at Mon, 21 Sep 2020 15:09:21 +0000. Up 19.80 seconds.
[   20.048364] cloud-init[1367]: ci-info: no authorized SSH keys fingerprints found for user ubuntu.
[   20.050402] cloud-init[1367]: Cloud-init v. 20.3-2-g371b392c-0ubuntu1~16.04.1 finished at Mon, 21 Sep 2020 15:09:21 +0000. Datasource DataSourceNoCloud [seed=/dev/sdb][dsmode=net].  Up 20.03 seconds
[[0;32m  OK  [0m] Started Execute cloud user/final scripts.
[[0;32m  OK  [0m] Reached target Cloud-init target.

Ubuntu 16.04.7 LTS ubuntu-xenial ttyS0

ubuntu-xenial login: 